{"C:\\Users\\alyaz\\my-app\\src\\screens\\HelloWorld.js": {"path":"C:\\Users\\alyaz\\my-app\\src\\screens\\HelloWorld.js","statementMap":{"0":{"start":{"line":5,"column":2},"end":{"line":9,"column":3}},"1":{"start":{"line":12,"column":15},"end":{"line":12,"column":36}}},"fnMap":{"0":{"name":"HelloWorld","decl":{"start":{"line":4,"column":24},"end":{"line":4,"column":34}},"loc":{"start":{"line":4,"column":37},"end":{"line":10,"column":1}},"line":4}},"branchMap":{},"s":{"0":1,"1":1},"f":{"0":1},"b":{},"_coverageSchema":"1a1c01bbd47fc00a2c39e90264f33305004495a9","hash":"d7a71e4c6310e6b20e4174b2e6c92840268fc6f2"}
,"C:\\Users\\alyaz\\my-app\\src\\services\\LoginService.js": {"path":"C:\\Users\\alyaz\\my-app\\src\\services\\LoginService.js","statementMap":{"0":{"start":{"line":4,"column":21},"end":{"line":29,"column":1}},"1":{"start":{"line":6,"column":26},"end":{"line":6,"column":35}},"2":{"start":{"line":8,"column":18},"end":{"line":24,"column":5}},"3":{"start":{"line":9,"column":8},"end":{"line":23,"column":9}},"4":{"start":{"line":10,"column":27},"end":{"line":17,"column":14}},"5":{"start":{"line":20,"column":12},"end":{"line":20,"column":73}},"6":{"start":{"line":22,"column":12},"end":{"line":22,"column":19}},"7":{"start":{"line":26,"column":4},"end":{"line":28,"column":5}}},"fnMap":{"0":{"name":"(anonymous_0)","decl":{"start":{"line":4,"column":21},"end":{"line":4,"column":22}},"loc":{"start":{"line":4,"column":27},"end":{"line":29,"column":1}},"line":4},"1":{"name":"(anonymous_1)","decl":{"start":{"line":8,"column":18},"end":{"line":8,"column":19}},"loc":{"start":{"line":8,"column":45},"end":{"line":24,"column":5}},"line":8}},"branchMap":{},"s":{"0":1,"1":1,"2":1,"3":1,"4":1,"5":1,"6":0,"7":1},"f":{"0":1,"1":1},"b":{},"_coverageSchema":"1a1c01bbd47fc00a2c39e90264f33305004495a9","hash":"eadec711f6de44c310c3ec218f87f86f71d08bb0"}
,"C:\\Users\\alyaz\\my-app\\src\\store\\login\\LoginAction.js": {"path":"C:\\Users\\alyaz\\my-app\\src\\store\\login\\LoginAction.js","statementMap":{"0":{"start":{"line":4,"column":4},"end":{"line":6,"column":5}},"1":{"start":{"line":10,"column":4},"end":{"line":12,"column":5}}},"fnMap":{"0":{"name":"loginAction","decl":{"start":{"line":3,"column":9},"end":{"line":3,"column":20}},"loc":{"start":{"line":3,"column":23},"end":{"line":7,"column":1}},"line":3},"1":{"name":"logoutAction","decl":{"start":{"line":9,"column":9},"end":{"line":9,"column":21}},"loc":{"start":{"line":9,"column":24},"end":{"line":13,"column":1}},"line":9}},"branchMap":{},"s":{"0":1,"1":1},"f":{"0":1,"1":1},"b":{},"_coverageSchema":"1a1c01bbd47fc00a2c39e90264f33305004495a9","hash":"63f703ddc5b8dade3afdbfe1f9c510592fc2e594"}
,"C:\\Users\\alyaz\\my-app\\src\\store\\login\\LoginReducer.js": {"path":"C:\\Users\\alyaz\\my-app\\src\\store\\login\\LoginReducer.js","statementMap":{"0":{"start":{"line":3,"column":21},"end":{"line":5,"column":1}},"1":{"start":{"line":7,"column":21},"end":{"line":20,"column":1}},"2":{"start":{"line":8,"column":4},"end":{"line":19,"column":5}},"3":{"start":{"line":10,"column":12},"end":{"line":12,"column":13}},"4":{"start":{"line":14,"column":12},"end":{"line":16,"column":13}},"5":{"start":{"line":18,"column":12},"end":{"line":18,"column":24}}},"fnMap":{"0":{"name":"(anonymous_0)","decl":{"start":{"line":7,"column":21},"end":{"line":7,"column":22}},"loc":{"start":{"line":7,"column":55},"end":{"line":20,"column":1}},"line":7}},"branchMap":{"0":{"loc":{"start":{"line":7,"column":22},"end":{"line":7,"column":42}},"type":"default-arg","locations":[{"start":{"line":7,"column":30},"end":{"line":7,"column":42}}],"line":7},"1":{"loc":{"start":{"line":8,"column":4},"end":{"line":19,"column":5}},"type":"switch","locations":[{"start":{"line":9,"column":8},"end":{"line":12,"column":13}},{"start":{"line":13,"column":8},"end":{"line":16,"column":13}},{"start":{"line":17,"column":8},"end":{"line":18,"column":24}}],"line":8}},"s":{"0":1,"1":1,"2":3,"3":1,"4":1,"5":1},"f":{"0":3},"b":{"0":[1],"1":[1,1,1]},"_coverageSchema":"1a1c01bbd47fc00a2c39e90264f33305004495a9","hash":"58f0a14616ebd31fbf1dd6939a48459a45c26d6f"}
,"C:\\Users\\alyaz\\my-app\\src\\utils\\Constant.js": {"path":"C:\\Users\\alyaz\\my-app\\src\\utils\\Constant.js","statementMap":{"0":{"start":{"line":1,"column":21},"end":{"line":1,"column":35}},"1":{"start":{"line":2,"column":17},"end":{"line":2,"column":27}},"2":{"start":{"line":3,"column":24},"end":{"line":3,"column":41}},"3":{"start":{"line":4,"column":20},"end":{"line":4,"column":33}},"4":{"start":{"line":5,"column":20},"end":{"line":5,"column":33}},"5":{"start":{"line":6,"column":22},"end":{"line":6,"column":37}},"6":{"start":{"line":7,"column":14},"end":{"line":7,"column":21}},"7":{"start":{"line":8,"column":15},"end":{"line":8,"column":23}},"8":{"start":{"line":9,"column":19},"end":{"line":9,"column":31}},"9":{"start":{"line":10,"column":18},"end":{"line":10,"column":29}}},"fnMap":{},"branchMap":{},"s":{"0":2,"1":2,"2":2,"3":2,"4":2,"5":2,"6":2,"7":2,"8":2,"9":2},"f":{},"b":{},"_coverageSchema":"1a1c01bbd47fc00a2c39e90264f33305004495a9","hash":"93dc25f3482bbeef89ae70f82e5d3832da28199a"}
,"C:\\Users\\alyaz\\my-app\\src\\utils\\LocalStorage.js": {"path":"C:\\Users\\alyaz\\my-app\\src\\utils\\LocalStorage.js","statementMap":{"0":{"start":{"line":3,"column":21},"end":{"line":33,"column":1}},"1":{"start":{"line":4,"column":20},"end":{"line":8,"column":5}},"2":{"start":{"line":5,"column":8},"end":{"line":7,"column":23}},"3":{"start":{"line":6,"column":12},"end":{"line":6,"column":50}},"4":{"start":{"line":10,"column":20},"end":{"line":20,"column":5}},"5":{"start":{"line":11,"column":8},"end":{"line":19,"column":9}},"6":{"start":{"line":12,"column":26},"end":{"line":12,"column":57}},"7":{"start":{"line":13,"column":12},"end":{"line":15,"column":13}},"8":{"start":{"line":14,"column":16},"end":{"line":14,"column":28}},"9":{"start":{"line":17,"column":12},"end":{"line":17,"column":58}},"10":{"start":{"line":18,"column":12},"end":{"line":18,"column":19}},"11":{"start":{"line":22,"column":23},"end":{"line":26,"column":5}},"12":{"start":{"line":23,"column":8},"end":{"line":25,"column":23}},"13":{"start":{"line":24,"column":12},"end":{"line":24,"column":46}},"14":{"start":{"line":28,"column":4},"end":{"line":32,"column":5}}},"fnMap":{"0":{"name":"(anonymous_0)","decl":{"start":{"line":3,"column":21},"end":{"line":3,"column":22}},"loc":{"start":{"line":3,"column":27},"end":{"line":33,"column":1}},"line":3},"1":{"name":"(anonymous_1)","decl":{"start":{"line":4,"column":20},"end":{"line":4,"column":21}},"loc":{"start":{"line":4,"column":42},"end":{"line":8,"column":5}},"line":4},"2":{"name":"(anonymous_2)","decl":{"start":{"line":10,"column":20},"end":{"line":10,"column":21}},"loc":{"start":{"line":10,"column":35},"end":{"line":20,"column":5}},"line":10},"3":{"name":"(anonymous_3)","decl":{"start":{"line":22,"column":23},"end":{"line":22,"column":24}},"loc":{"start":{"line":22,"column":38},"end":{"line":26,"column":5}},"line":22}},"branchMap":{"0":{"loc":{"start":{"line":13,"column":12},"end":{"line":15,"column":13}},"type":"if","locations":[{"start":{"line":13,"column":12},"end":{"line":15,"column":13}},{"start":{},"end":{}}],"line":13}},"s":{"0":1,"1":1,"2":1,"3":1,"4":1,"5":0,"6":0,"7":0,"8":0,"9":0,"10":0,"11":1,"12":0,"13":0,"14":1},"f":{"0":1,"1":1,"2":0,"3":0},"b":{"0":[0,0]},"_coverageSchema":"1a1c01bbd47fc00a2c39e90264f33305004495a9","hash":"ed3471079b9dd537ae88ddd93d7ac2f71f235f42"}
}
